Query_1	6VYO_D	64.103	39	14	0	120	236	76	114	6.90e-11	51.6
Query_1	6VYO_C	64.103	39	14	0	120	236	76	114	6.90e-11	51.6
Query_1	6VYO_B	64.103	39	14	0	120	236	76	114	6.90e-11	51.6
Query_1	6VYO_A	64.103	39	14	0	120	236	76	114	6.90e-11	51.6
Query_1	6M3M_A	64.103	39	14	0	120	236	83	121	1.03e-10	51.2
Query_1	6M3M_B	64.103	39	14	0	120	236	83	121	1.03e-10	51.2
Query_1	6M3M_D	64.103	39	14	0	120	236	83	121	1.03e-10	51.2
Query_1	6M3M_C	64.103	39	14	0	120	236	83	121	1.03e-10	51.2
Query_1	QIC50515	69.444	36	8	1	92	199	298	330	2.17e-10	52.0
Query_1	QIC50515	64.103	39	14	0	120	236	121	159	3.41e-10	51.6
Query_1	QIC50515	100.000	23	0	0	12	80	6	28	7.10e-10	50.4
Query_1	QIC50514	69.444	36	8	1	92	199	298	330	2.17e-10	52.0
Query_1	QIC50514	64.103	39	14	0	120	236	121	159	3.41e-10	51.6
Query_1	QIC50514	100.000	23	0	0	12	80	6	28	7.10e-10	50.4
Query_1	QID21055	69.444	36	8	1	92	199	298	330	2.17e-10	52.0
Query_1	QID21055	64.103	39	14	0	120	236	121	159	3.41e-10	51.6
Query_1	QID21055	100.000	23	0	0	12	80	6	28	7.10e-10	50.4
Query_1	QIJ96530	69.444	36	8	1	92	199	298	330	2.21e-10	52.0
Query_1	QIJ96530	64.103	39	14	0	120	236	121	159	3.15e-10	51.6
Query_1	QIJ96530	100.000	23	0	0	12	80	6	28	6.56e-10	50.8
Query_1	QIM47464	69.444	36	8	1	92	199	298	330	2.21e-10	52.0
Query_1	QIM47464	64.103	39	14	0	120	236	121	159	3.25e-10	51.6
Query_1	QIM47464	100.000	23	0	0	12	80	6	28	6.63e-10	50.8
Query_1	QIQ08837	69.444	36	8	1	92	199	298	330	2.21e-10	52.0
Query_1	QIQ08837	64.103	39	14	0	120	236	121	159	3.25e-10	51.6
Query_1	QIQ08837	100.000	23	0	0	12	80	6	28	6.63e-10	50.8
Query_1	QIQ08817	69.444	36	8	1	92	199	298	330	2.21e-10	52.0
Query_1	QIQ08817	64.103	39	14	0	120	236	121	159	3.25e-10	51.6
Query_1	QIQ08817	100.000	23	0	0	12	80	6	28	6.63e-10	50.8
Query_1	QIQ08807	69.444	36	8	1	92	199	298	330	2.21e-10	52.0
Query_1	QIQ08807	64.103	39	14	0	120	236	121	159	3.25e-10	51.6
Query_1	QIQ08807	100.000	23	0	0	12	80	6	28	6.63e-10	50.8
Query_1	QIQ08797	69.444	36	8	1	92	199	298	330	2.21e-10	52.0
Query_1	QIQ08797	64.103	39	14	0	120	236	121	159	3.25e-10	51.6
Query_1	QIQ08797	100.000	23	0	0	12	80	6	28	6.63e-10	50.8
Query_1	QIE07458	69.444	36	8	1	92	199	298	330	2.24e-10	52.0
Query_1	QIE07458	64.103	39	14	0	120	236	121	159	3.00e-10	51.6
Query_1	QIE07458	100.000	23	0	0	12	80	6	28	6.50e-10	50.8
Query_1	BCB15098	69.444	36	8	1	92	199	298	330	2.24e-10	52.0
Query_1	BCB15098	64.103	39	14	0	120	236	121	159	3.00e-10	51.6
Query_1	BCB15098	100.000	23	0	0	12	80	6	28	6.50e-10	50.8
Query_1	QII57305	69.444	36	8	1	92	199	298	330	2.24e-10	52.0
Query_1	QII57305	64.103	39	14	0	120	236	121	159	3.00e-10	51.6
Query_1	QII57305	100.000	23	0	0	12	80	6	28	6.50e-10	50.8
Query_1	QHD43423	69.444	36	8	1	92	199	298	330	2.28e-10	52.0
Query_1	QHD43423	64.103	39	14	0	120	236	121	159	3.25e-10	51.6
Query_1	QHD43423	100.000	23	0	0	12	80	6	28	6.63e-10	50.8
Query_1	QHN73802	69.444	36	8	1	92	199	298	330	2.28e-10	52.0
Query_1	QHN73802	64.103	39	14	0	120	236	121	159	3.25e-10	51.6
Query_1	QHN73802	100.000	23	0	0	12	80	6	28	6.63e-10	50.8
Query_1	QHN73817	69.444	36	8	1	92	199	298	330	2.28e-10	52.0
Query_1	QHN73817	64.103	39	14	0	120	236	121	159	3.25e-10	51.6
Query_1	QHN73817	100.000	23	0	0	12	80	6	28	6.63e-10	50.8
Query_1	QHO60601	69.444	36	8	1	92	199	298	330	2.28e-10	52.0
Query_1	QHO60601	64.103	39	14	0	120	236	121	159	3.25e-10	51.6
Query_1	QHO60601	100.000	23	0	0	12	80	6	28	6.63e-10	50.8
Query_1	QHO62884	69.444	36	8	1	92	199	298	330	2.28e-10	52.0
Query_1	QHO62884	64.103	39	14	0	120	236	121	159	3.25e-10	51.6
Query_1	QHO62884	100.000	23	0	0	12	80	6	28	6.63e-10	50.8
Query_1	QHO62110	69.444	36	8	1	92	199	298	330	2.28e-10	52.0
Query_1	QHO62110	64.103	39	14	0	120	236	121	159	3.25e-10	51.6
Query_1	QHO62110	100.000	23	0	0	12	80	6	28	6.63e-10	50.8
Query_1	QHQ71980	69.444	36	8	1	92	199	298	330	2.28e-10	52.0
Query_1	QHQ71980	64.103	39	14	0	120	236	121	159	3.25e-10	51.6
Query_1	QHQ71980	100.000	23	0	0	12	80	6	28	6.63e-10	50.8
Query_1	QHQ82471	69.444	36	8	1	92	199	298	330	2.28e-10	52.0
Query_1	QHQ82471	64.103	39	14	0	120	236	121	159	3.25e-10	51.6
Query_1	QHQ82471	100.000	23	0	0	12	80	6	28	6.63e-10	50.8
Query_1	QHO62115	69.444	36	8	1	92	199	298	330	2.28e-10	52.0
Query_1	QHO62115	64.103	39	14	0	120	236	121	159	3.25e-10	51.6
Query_1	QHO62115	100.000	23	0	0	12	80	6	28	6.63e-10	50.8
Query_1	QHQ71970	69.444	36	8	1	92	199	298	330	2.28e-10	52.0
Query_1	QHQ71970	64.103	39	14	0	120	236	121	159	3.25e-10	51.6
Query_1	QHQ71970	100.000	23	0	0	12	80	6	28	6.63e-10	50.8
Query_1	QHR63298	69.444	36	8	1	92	199	298	330	2.28e-10	52.0
Query_1	QHR63298	64.103	39	14	0	120	236	121	159	3.25e-10	51.6
Query_1	QHR63298	100.000	23	0	0	12	80	6	28	6.63e-10	50.8
Query_1	QHR63278	69.444	36	8	1	92	199	298	330	2.28e-10	52.0
Query_1	QHR63278	64.103	39	14	0	120	236	121	159	3.25e-10	51.6
Query_1	QHR63278	100.000	23	0	0	12	80	6	28	6.63e-10	50.8
Query_1	QHR63288	69.444	36	8	1	92	199	298	330	2.28e-10	52.0
Query_1	QHR63288	64.103	39	14	0	120	236	121	159	3.25e-10	51.6
Query_1	QHR63288	100.000	23	0	0	12	80	6	28	6.63e-10	50.8
Query_1	QHR63268	69.444	36	8	1	92	199	298	330	2.28e-10	52.0
Query_1	QHR63268	64.103	39	14	0	120	236	121	159	3.25e-10	51.6
Query_1	QHR63268	100.000	23	0	0	12	80	6	28	6.63e-10	50.8
Query_1	QHR63258	69.444	36	8	1	92	199	298	330	2.28e-10	52.0
Query_1	QHR63258	64.103	39	14	0	120	236	121	159	3.25e-10	51.6
Query_1	QHR63258	100.000	23	0	0	12	80	6	28	6.63e-10	50.8
Query_1	QHR84456	69.444	36	8	1	92	199	298	330	2.28e-10	52.0
Query_1	QHR84456	64.103	39	14	0	120	236	121	159	3.25e-10	51.6
Query_1	QHR84456	100.000	23	0	0	12	80	6	28	6.63e-10	50.8
Query_1	QHU79201	69.444	36	8	1	92	199	298	330	2.28e-10	52.0
Query_1	QHU79201	64.103	39	14	0	120	236	121	159	3.25e-10	51.6
Query_1	QHU79201	100.000	23	0	0	12	80	6	28	6.63e-10	50.8
Query_1	QHU36831	69.444	36	8	1	92	199	298	330	2.28e-10	52.0
Query_1	QHU36831	64.103	39	14	0	120	236	121	159	3.25e-10	51.6
Query_1	QHU36831	100.000	23	0	0	12	80	6	28	6.63e-10	50.8
Query_1	QHU36841	69.444	36	8	1	92	199	298	330	2.28e-10	52.0
Query_1	QHU36841	64.103	39	14	0	120	236	121	159	3.25e-10	51.6
Query_1	QHU36841	100.000	23	0	0	12	80	6	28	6.63e-10	50.8
Query_1	QHU79181	69.444	36	8	1	92	199	298	330	2.28e-10	52.0
Query_1	QHU79181	64.103	39	14	0	120	236	121	159	3.25e-10	51.6
Query_1	QHU79181	100.000	23	0	0	12	80	6	28	6.63e-10	50.8
Query_1	QHU36871	69.444	36	8	1	92	199	298	330	2.28e-10	52.0
Query_1	QHU36871	64.103	39	14	0	120	236	121	159	3.25e-10	51.6
Query_1	QHU36871	100.000	23	0	0	12	80	6	28	6.63e-10	50.8
Query_1	QHU36861	69.444	36	8	1	92	199	298	330	2.28e-10	52.0
Query_1	QHU36861	64.103	39	14	0	120	236	121	159	3.25e-10	51.6
Query_1	QHU36861	100.000	23	0	0	12	80	6	28	6.63e-10	50.8
Query_1	QHU36851	69.444	36	8	1	92	199	298	330	2.28e-10	52.0
Query_1	QHU36851	64.103	39	14	0	120	236	121	159	3.25e-10	51.6
Query_1	QHU36851	100.000	23	0	0	12	80	6	28	6.63e-10	50.8
Query_1	QHU79211	69.444	36	8	1	92	199	298	330	2.28e-10	52.0
Query_1	QHU79211	64.103	39	14	0	120	236	121	159	3.25e-10	51.6
Query_1	QHU79211	100.000	23	0	0	12	80	6	28	6.63e-10	50.8
Query_1	QHW06046	69.444	36	8	1	92	199	298	330	2.28e-10	52.0
Query_1	QHW06046	64.103	39	14	0	120	236	121	159	3.25e-10	51.6
Query_1	QHW06046	100.000	23	0	0	12	80	6	28	6.63e-10	50.8
Query_1	QHW06066	69.444	36	8	1	92	199	298	330	2.28e-10	52.0
Query_1	QHW06066	64.103	39	14	0	120	236	121	159	3.25e-10	51.6
Query_1	QHW06066	100.000	23	0	0	12	80	6	28	6.63e-10	50.8
Query_1	QHW06056	69.444	36	8	1	92	199	298	330	2.28e-10	52.0
Query_1	QHW06056	64.103	39	14	0	120	236	121	159	3.25e-10	51.6
Query_1	QHW06056	100.000	23	0	0	12	80	6	28	6.63e-10	50.8
Query_1	QHZ00386	69.444	36	8	1	92	199	298	330	2.28e-10	52.0
Query_1	QHZ00386	64.103	39	14	0	120	236	121	159	3.25e-10	51.6
Query_1	QHZ00386	100.000	23	0	0	12	80	6	28	6.63e-10	50.8
Query_1	QHZ00365	69.444	36	8	1	92	199	298	330	2.28e-10	52.0
Query_1	QHZ00365	64.103	39	14	0	120	236	121	159	3.25e-10	51.6
Query_1	QHZ00365	100.000	23	0	0	12	80	6	28	6.63e-10	50.8
Query_1	QHZ00396	69.444	36	8	1	92	199	298	330	2.28e-10	52.0
Query_1	QHZ00396	64.103	39	14	0	120	236	121	159	3.25e-10	51.6
Query_1	QHZ00396	100.000	23	0	0	12	80	6	28	6.63e-10	50.8
Query_1	QHZ00406	69.444	36	8	1	92	199	298	330	2.28e-10	52.0
Query_1	QHZ00406	64.103	39	14	0	120	236	121	159	3.25e-10	51.6
Query_1	QHZ00406	100.000	23	0	0	12	80	6	28	6.63e-10	50.8
Query_1	QHZ87599	69.444	36	8	1	92	199	298	330	2.28e-10	52.0
Query_1	QHZ87599	64.103	39	14	0	120	236	121	159	3.25e-10	51.6
Query_1	QHZ87599	100.000	23	0	0	12	80	6	28	6.63e-10	50.8
Query_1	QHZ87589	69.444	36	8	1	92	199	298	330	2.28e-10	52.0
Query_1	QHZ87589	64.103	39	14	0	120	236	121	159	3.25e-10	51.6
Query_1	QHZ87589	100.000	23	0	0	12	80	6	28	6.63e-10	50.8
Query_1	QIA20052	69.444	36	8	1	92	199	298	330	2.28e-10	52.0
Query_1	QIA20052	64.103	39	14	0	120	236	121	159	3.25e-10	51.6
Query_1	QIA20052	100.000	23	0	0	12	80	6	28	6.63e-10	50.8
Query_1	QIA98602	69.444	36	8	1	92	199	298	330	2.28e-10	52.0
Query_1	QIA98602	64.103	39	14	0	120	236	121	159	3.25e-10	51.6
Query_1	QIA98602	100.000	23	0	0	12	80	6	28	6.63e-10	50.8
Query_1	QIA98613	69.444	36	8	1	92	199	298	330	2.28e-10	52.0
Query_1	QIA98613	64.103	39	14	0	120	236	121	159	3.25e-10	51.6
Query_1	QIA98613	100.000	23	0	0	12	80	6	28	6.63e-10	50.8
Query_1	QIB84680	69.444	36	8	1	92	199	298	330	2.28e-10	52.0
Query_1	QIB84680	64.103	39	14	0	120	236	121	159	3.25e-10	51.6
Query_1	QIB84680	100.000	23	0	0	12	80	6	28	6.63e-10	50.8
Query_1	QIC50511	69.444	36	8	1	92	199	298	330	2.28e-10	52.0
Query_1	QIC50511	64.103	39	14	0	120	236	121	159	3.25e-10	51.6
Query_1	QIC50511	100.000	23	0	0	12	80	6	28	6.63e-10	50.8
Query_1	QIC50513	69.444	36	8	1	92	199	298	330	2.28e-10	52.0
Query_1	QIC50513	64.103	39	14	0	120	236	121	159	3.25e-10	51.6
Query_1	QIC50513	100.000	23	0	0	12	80	6	28	6.63e-10	50.8
Query_1	QIC50510	69.444	36	8	1	92	199	298	330	2.28e-10	52.0
Query_1	QIC50510	64.103	39	14	0	120	236	121	159	3.25e-10	51.6
Query_1	QIC50510	100.000	23	0	0	12	80	6	28	6.63e-10	50.8
Query_1	QIC50509	69.444	36	8	1	92	199	298	330	2.28e-10	52.0
Query_1	QIC50509	64.103	39	14	0	120	236	121	159	3.25e-10	51.6
Query_1	QIC50509	100.000	23	0	0	12	80	6	28	6.63e-10	50.8
Query_1	QIC50516	69.444	36	8	1	92	199	298	330	2.28e-10	52.0
Query_1	QIC50516	64.103	39	14	0	120	236	121	159	3.25e-10	51.6
Query_1	QIC50516	100.000	23	0	0	12	80	6	28	6.63e-10	50.8
Query_1	QIC50512	69.444	36	8	1	92	199	298	330	2.28e-10	52.0
Query_1	QIC50512	64.103	39	14	0	120	236	121	159	3.25e-10	51.6
Query_1	QIC50512	100.000	23	0	0	12	80	6	28	6.63e-10	50.8
Query_1	QIC50508	69.444	36	8	1	92	199	298	330	2.28e-10	52.0
Query_1	QIC50508	64.103	39	14	0	120	236	121	159	3.25e-10	51.6
Query_1	QIC50508	100.000	23	0	0	12	80	6	28	6.63e-10	50.8
Query_1	QIC50507	69.444	36	8	1	92	199	298	330	2.28e-10	52.0
Query_1	QIC50507	64.103	39	14	0	120	236	121	159	3.25e-10	51.6
Query_1	QIC50507	100.000	23	0	0	12	80	6	28	6.63e-10	50.8
Query_1	QIC53211	69.444	36	8	1	92	199	298	330	2.28e-10	52.0
Query_1	QIC53211	64.103	39	14	0	120	236	121	159	3.25e-10	51.6
Query_1	QIC53211	100.000	23	0	0	12	80	6	28	6.63e-10	50.8
Query_1	QIC53221	69.444	36	8	1	92	199	298	330	2.28e-10	52.0
Query_1	QIC53221	64.103	39	14	0	120	236	121	159	3.25e-10	51.6
Query_1	QIC53221	100.000	23	0	0	12	80	6	28	6.63e-10	50.8
Query_1	QID21075	69.444	36	8	1	92	199	298	330	2.28e-10	52.0
Query_1	QID21075	64.103	39	14	0	120	236	121	159	3.25e-10	51.6
Query_1	QID21075	100.000	23	0	0	12	80	6	28	6.63e-10	50.8
Query_1	QID21065	69.444	36	8	1	92	199	298	330	2.28e-10	52.0
Query_1	QID21065	64.103	39	14	0	120	236	121	159	3.25e-10	51.6
Query_1	QID21065	100.000	23	0	0	12	80	6	28	6.63e-10	50.8
Query_1	QID98801	69.444	36	8	1	92	199	298	330	2.28e-10	52.0
Query_1	QID98801	64.103	39	14	0	120	236	121	159	3.25e-10	51.6
Query_1	QID98801	100.000	23	0	0	12	80	6	28	6.63e-10	50.8
Query_1	QIE07488	69.444	36	8	1	92	199	298	330	2.28e-10	52.0
Query_1	QIE07488	64.103	39	14	0	120	236	121	159	3.25e-10	51.6
Query_1	QIE07488	100.000	23	0	0	12	80	6	28	6.63e-10	50.8
Query_1	QIE07478	69.444	36	8	1	92	199	298	330	2.28e-10	52.0
Query_1	QIE07478	64.103	39	14	0	120	236	121	159	3.25e-10	51.6
Query_1	QIE07478	100.000	23	0	0	12	80	6	28	6.63e-10	50.8
Query_1	QIE07468	69.444	36	8	1	92	199	298	330	2.28e-10	52.0
Query_1	QIE07468	64.103	39	14	0	120	236	121	159	3.25e-10	51.6
Query_1	QIE07468	100.000	23	0	0	12	80	6	28	6.63e-10	50.8
Query_1	BCA87368	69.444	36	8	1	92	199	298	330	2.28e-10	52.0
Query_1	BCA87368	64.103	39	14	0	120	236	121	159	3.25e-10	51.6
Query_1	BCA87368	100.000	23	0	0	12	80	6	28	6.63e-10	50.8
Query_1	BCA87378	69.444	36	8	1	92	199	298	330	2.28e-10	52.0
Query_1	BCA87378	64.103	39	14	0	120	236	121	159	3.25e-10	51.6
Query_1	BCA87378	100.000	23	0	0	12	80	6	28	6.63e-10	50.8
Query_1	QIG56001	69.444	36	8	1	92	199	298	330	2.28e-10	52.0
Query_1	QIG56001	64.103	39	14	0	120	236	121	159	3.25e-10	51.6
Query_1	QIG56001	100.000	23	0	0	12	80	6	28	6.63e-10	50.8
Query_1	QIH45060	69.444	36	8	1	92	199	298	330	2.28e-10	52.0
Query_1	QIH45060	64.103	39	14	0	120	236	121	159	3.25e-10	51.6
Query_1	QIH45060	100.000	23	0	0	12	80	6	28	6.63e-10	50.8
Query_1	QIH45040	69.444	36	8	1	92	199	298	330	2.28e-10	52.0
Query_1	QIH45040	64.103	39	14	0	120	236	121	159	3.25e-10	51.6
Query_1	QIH45040	100.000	23	0	0	12	80	6	28	6.63e-10	50.8
Query_1	QIH45030	69.444	36	8	1	92	199	298	330	2.28e-10	52.0
Query_1	QIH45030	64.103	39	14	0	120	236	121	159	3.25e-10	51.6
Query_1	QIH45030	100.000	23	0	0	12	80	6	28	6.63e-10	50.8
Query_1	QIH55228	69.444	36	8	1	92	199	298	330	2.28e-10	52.0
Query_1	QIH55228	64.103	39	14	0	120	236	121	159	3.25e-10	51.6
Query_1	QIH55228	100.000	23	0	0	12	80	6	28	6.63e-10	50.8
Query_1	QIA98590	69.444	36	8	1	92	199	298	330	2.28e-10	52.0
Query_1	QIA98590	64.103	39	14	0	120	236	121	159	3.25e-10	51.6
Query_1	QIA98590	100.000	23	0	0	12	80	6	28	6.63e-10	50.8
Query_1	QHS34553	69.444	36	8	1	92	199	298	330	2.28e-10	52.0
Query_1	QHS34553	64.103	39	14	0	120	236	121	159	3.25e-10	51.6
Query_1	QHS34553	100.000	23	0	0	12	80	6	28	6.63e-10	50.8
Query_1	QII57255	69.444	36	8	1	92	199	298	330	2.28e-10	52.0
Query_1	QII57255	64.103	39	14	0	120	236	121	159	3.25e-10	51.6
Query_1	QII57255	100.000	23	0	0	12	80	6	28	6.63e-10	50.8
Query_1	QII57185	69.444	36	8	1	92	199	298	330	2.28e-10	52.0
Query_1	QII57185	64.103	39	14	0	120	236	121	159	3.25e-10	51.6
Query_1	QII57185	100.000	23	0	0	12	80	6	28	6.63e-10	50.8
Query_1	QIA98561	69.444	36	8	1	92	199	298	330	2.28e-10	52.0
Query_1	QIA98561	64.103	39	14	0	120	236	121	159	3.25e-10	51.6
Query_1	QIA98561	100.000	23	0	0	12	80	6	28	6.63e-10	50.8
Query_1	QII57195	69.444	36	8	1	92	199	298	330	2.28e-10	52.0
Query_1	QII57195	64.103	39	14	0	120	236	121	159	3.25e-10	51.6
Query_1	QII57195	100.000	23	0	0	12	80	6	28	6.63e-10	50.8
Query_1	QII57265	69.444	36	8	1	92	199	298	330	2.28e-10	52.0
Query_1	QII57265	64.103	39	14	0	120	236	121	159	3.25e-10	51.6
Query_1	QII57265	100.000	23	0	0	12	80	6	28	6.63e-10	50.8
Query_1	QII57205	69.444	36	8	1	92	199	298	330	2.28e-10	52.0
Query_1	QII57205	64.103	39	14	0	120	236	121	159	3.25e-10	51.6
Query_1	QII57205	100.000	23	0	0	12	80	6	28	6.63e-10	50.8
Query_1	QII57335	69.444	36	8	1	92	199	298	330	2.28e-10	52.0
Query_1	QII57335	64.103	39	14	0	120	236	121	159	3.25e-10	51.6
Query_1	QII57335	100.000	23	0	0	12	80	6	28	6.63e-10	50.8
Query_1	QII57164	69.444	36	8	1	92	199	298	330	2.28e-10	52.0
Query_1	QII57164	64.103	39	14	0	120	236	121	159	3.25e-10	51.6
Query_1	QII57164	100.000	23	0	0	12	80	6	28	6.63e-10	50.8
Query_1	QII57215	69.444	36	8	1	92	199	298	330	2.28e-10	52.0
Query_1	QII57215	64.103	39	14	0	120	236	121	159	3.25e-10	51.6
Query_1	QII57215	100.000	23	0	0	12	80	6	28	6.63e-10	50.8
Query_1	QII57325	69.444	36	8	1	92	199	298	330	2.28e-10	52.0
Query_1	QII57325	64.103	39	14	0	120	236	121	159	3.25e-10	51.6
Query_1	QII57325	100.000	23	0	0	12	80	6	28	6.63e-10	50.8
Query_1	QII57315	69.444	36	8	1	92	199	298	330	2.28e-10	52.0
Query_1	QII57315	64.103	39	14	0	120	236	121	159	3.25e-10	51.6
Query_1	QII57315	100.000	23	0	0	12	80	6	28	6.63e-10	50.8
Query_1	QII57295	69.444	36	8	1	92	199	298	330	2.28e-10	52.0
Query_1	QII57295	64.103	39	14	0	120	236	121	159	3.25e-10	51.6
Query_1	QII57295	100.000	23	0	0	12	80	6	28	6.63e-10	50.8
Query_1	QII57245	69.444	36	8	1	92	199	298	330	2.28e-10	52.0
Query_1	QII57245	64.103	39	14	0	120	236	121	159	3.25e-10	51.6
Query_1	QII57245	100.000	23	0	0	12	80	6	28	6.63e-10	50.8
Query_1	QII57235	69.444	36	8	1	92	199	298	330	2.28e-10	52.0
Query_1	QII57235	64.103	39	14	0	120	236	121	159	3.25e-10	51.6
Query_1	QII57235	100.000	23	0	0	12	80	6	28	6.63e-10	50.8
Query_1	QII57285	69.444	36	8	1	92	199	298	330	2.28e-10	52.0
Query_1	QII57285	64.103	39	14	0	120	236	121	159	3.25e-10	51.6
Query_1	QII57285	100.000	23	0	0	12	80	6	28	6.63e-10	50.8
Query_1	QII57275	69.444	36	8	1	92	199	298	330	2.28e-10	52.0
Query_1	QII57275	64.103	39	14	0	120	236	121	159	3.25e-10	51.6
Query_1	QII57275	100.000	23	0	0	12	80	6	28	6.63e-10	50.8
Query_1	QII57225	69.444	36	8	1	92	199	298	330	2.28e-10	52.0
Query_1	QII57225	64.103	39	14	0	120	236	121	159	3.25e-10	51.6
Query_1	QII57225	100.000	23	0	0	12	80	6	28	6.63e-10	50.8
Query_1	QII57175	69.444	36	8	1	92	199	298	330	2.28e-10	52.0
Query_1	QII57175	64.103	39	14	0	120	236	121	159	3.25e-10	51.6
Query_1	QII57175	100.000	23	0	0	12	80	6	28	6.63e-10	50.8
Query_1	QII57345	69.444	36	8	1	92	199	298	330	2.28e-10	52.0
Query_1	QII57345	64.103	39	14	0	120	236	121	159	3.25e-10	51.6
Query_1	QII57345	100.000	23	0	0	12	80	6	28	6.63e-10	50.8
Query_1	QII87848	69.444	36	8	1	92	199	298	330	2.28e-10	52.0
Query_1	QII87848	64.103	39	14	0	120	236	121	159	3.25e-10	51.6
Query_1	QII87848	100.000	23	0	0	12	80	6	28	6.63e-10	50.8
Query_1	QII87838	69.444	36	8	1	92	199	298	330	2.28e-10	52.0
Query_1	QII87838	64.103	39	14	0	120	236	121	159	3.25e-10	51.6
Query_1	QII87838	100.000	23	0	0	12	80	6	28	6.63e-10	50.8
Query_1	QII87826	69.444	36	8	1	92	199	298	330	2.28e-10	52.0
Query_1	QII87826	64.103	39	14	0	120	236	121	159	3.25e-10	51.6
Query_1	QII87826	100.000	23	0	0	12	80	6	28	6.63e-10	50.8
Query_1	QII87802	69.444	36	8	1	92	199	298	330	2.28e-10	52.0
Query_1	QII87802	64.103	39	14	0	120	236	121	159	3.25e-10	51.6
Query_1	QII87802	100.000	23	0	0	12	80	6	28	6.63e-10	50.8
Query_1	QII87790	69.444	36	8	1	92	199	298	330	2.28e-10	52.0
Query_1	QII87790	64.103	39	14	0	120	236	121	159	3.25e-10	51.6
Query_1	QII87790	100.000	23	0	0	12	80	6	28	6.63e-10	50.8
Query_1	QII87814	69.444	36	8	1	92	199	298	330	2.28e-10	52.0
Query_1	QII87814	64.103	39	14	0	120	236	121	159	3.25e-10	51.6
Query_1	QII87814	100.000	23	0	0	12	80	6	28	6.63e-10	50.8
Query_1	QIJ96520	69.444	36	8	1	92	199	298	330	2.28e-10	52.0
Query_1	QIJ96520	64.103	39	14	0	120	236	121	159	3.25e-10	51.6
Query_1	QIJ96520	100.000	23	0	0	12	80	6	28	6.63e-10	50.8
Query_1	QIJ96470	69.444	36	8	1	92	199	298	330	2.28e-10	52.0
Query_1	QIJ96470	64.103	39	14	0	120	236	121	159	3.25e-10	51.6
Query_1	QIJ96470	100.000	23	0	0	12	80	6	28	6.63e-10	50.8
Query_1	QIJ96510	69.444	36	8	1	92	199	298	330	2.28e-10	52.0
Query_1	QIJ96510	64.103	39	14	0	120	236	121	159	3.25e-10	51.6
Query_1	QIJ96510	100.000	23	0	0	12	80	6	28	6.63e-10	50.8
Query_1	QIJ96500	69.444	36	8	1	92	199	298	330	2.28e-10	52.0
Query_1	QIJ96500	64.103	39	14	0	120	236	121	159	3.25e-10	51.6
Query_1	QIJ96500	100.000	23	0	0	12	80	6	28	6.63e-10	50.8
Query_1	QIJ96490	69.444	36	8	1	92	199	298	330	2.28e-10	52.0
Query_1	QIJ96490	64.103	39	14	0	120	236	121	159	3.25e-10	51.6
Query_1	QIJ96490	100.000	23	0	0	12	80	6	28	6.63e-10	50.8
Query_1	QIJ96480	69.444	36	8	1	92	199	298	330	2.28e-10	52.0
Query_1	QIJ96480	64.103	39	14	0	120	236	121	159	3.25e-10	51.6
Query_1	QIJ96480	100.000	23	0	0	12	80	6	28	6.63e-10	50.8
Query_1	QIK02971	69.444	36	8	1	92	199	298	330	2.28e-10	52.0
Query_1	QIK02971	64.103	39	14	0	120	236	121	159	3.25e-10	51.6
Query_1	QIK02971	100.000	23	0	0	12	80	6	28	6.63e-10	50.8
Query_1	QIK02951	69.444	36	8	1	92	199	298	330	2.28e-10	52.0
Query_1	QIK02951	64.103	39	14	0	120	236	121	159	3.25e-10	51.6
Query_1	QIK02951	100.000	23	0	0	12	80	6	28	6.63e-10	50.8
Query_1	QIK02961	69.444	36	8	1	92	199	298	330	2.28e-10	52.0
Query_1	QIK02961	64.103	39	14	0	120	236	121	159	3.25e-10	51.6
Query_1	QIK02961	100.000	23	0	0	12	80	6	28	6.63e-10	50.8
Query_1	QIK50455	69.444	36	8	1	92	199	298	330	2.28e-10	52.0
Query_1	QIK50455	64.103	39	14	0	120	236	121	159	3.25e-10	51.6
Query_1	QIK50455	100.000	23	0	0	12	80	6	28	6.63e-10	50.8
Query_1	QIK50435	69.444	36	8	1	92	199	298	330	2.28e-10	52.0
Query_1	QIK50435	64.103	39	14	0	120	236	121	159	3.25e-10	51.6
Query_1	QIK50435	100.000	23	0	0	12	80	6	28	6.63e-10	50.8
Query_1	QIK50424	69.444	36	8	1	92	199	298	330	2.28e-10	52.0
Query_1	QIK50424	64.103	39	14	0	120	236	121	159	3.25e-10	51.6
Query_1	QIK50424	100.000	23	0	0	12	80	6	28	6.63e-10	50.8
Query_1	QIK50445	69.444	36	8	1	92	199	298	330	2.28e-10	52.0
Query_1	QIK50445	64.103	39	14	0	120	236	121	159	3.25e-10	51.6
Query_1	QIK50445	100.000	23	0	0	12	80	6	28	6.63e-10	50.8
Query_1	QIM47483	69.444	36	8	1	92	199	298	330	2.28e-10	52.0
Query_1	QIM47483	64.103	39	14	0	120	236	121	159	3.25e-10	51.6
Query_1	QIM47483	100.000	23	0	0	12	80	6	28	6.63e-10	50.8
Query_1	QIQ22768	69.444	36	8	1	92	199	298	330	2.28e-10	52.0
Query_1	QIQ22768	64.103	39	14	0	120	236	121	159	3.25e-10	51.6
Query_1	QIQ22768	100.000	23	0	0	12	80	6	28	6.63e-10	50.8
Query_1	QIQ50199	69.444	36	8	1	92	199	298	330	2.28e-10	52.0
Query_1	QIQ50199	64.103	39	14	0	120	236	121	159	3.25e-10	51.6
Query_1	QIQ50199	100.000	23	0	0	12	80	6	28	6.63e-10	50.8
Query_1	QIQ50179	69.444	36	8	1	92	199	298	330	2.28e-10	52.0
Query_1	QIQ50179	64.103	39	14	0	120	236	121	159	3.25e-10	51.6
Query_1	QIQ50179	100.000	23	0	0	12	80	6	28	6.63e-10	50.8
Query_1	QIQ50169	69.444	36	8	1	92	199	298	330	2.28e-10	52.0
Query_1	QIQ50169	64.103	39	14	0	120	236	121	159	3.25e-10	51.6
Query_1	QIQ50169	100.000	23	0	0	12	80	6	28	6.63e-10	50.8
Query_1	QIQ50159	69.444	36	8	1	92	199	298	330	2.28e-10	52.0
Query_1	QIQ50159	64.103	39	14	0	120	236	121	159	3.25e-10	51.6
Query_1	QIQ50159	100.000	23	0	0	12	80	6	28	6.63e-10	50.8
Query_1	QIQ50149	69.444	36	8	1	92	199	298	330	2.28e-10	52.0
Query_1	QIQ50149	64.103	39	14	0	120	236	121	159	3.25e-10	51.6
Query_1	QIQ50149	100.000	23	0	0	12	80	6	28	6.63e-10	50.8
Query_1	QIQ50139	69.444	36	8	1	92	199	298	330	2.28e-10	52.0
Query_1	QIQ50139	64.103	39	14	0	120	236	121	159	3.25e-10	51.6
Query_1	QIQ50139	100.000	23	0	0	12	80	6	28	6.63e-10	50.8
Query_1	QIQ50129	69.444	36	8	1	92	199	298	330	2.28e-10	52.0
Query_1	QIQ50129	64.103	39	14	0	120	236	121	159	3.25e-10	51.6
Query_1	QIQ50129	100.000	23	0	0	12	80	6	28	6.63e-10	50.8
Query_1	QIQ50119	69.444	36	8	1	92	199	298	330	2.28e-10	52.0
Query_1	QIQ50119	64.103	39	14	0	120	236	121	159	3.25e-10	51.6
Query_1	QIQ50119	100.000	23	0	0	12	80	6	28	6.63e-10	50.8
Query_1	QIQ50099	69.444	36	8	1	92	199	298	330	2.28e-10	52.0
Query_1	QIQ50099	64.103	39	14	0	120	236	121	159	3.25e-10	51.6
Query_1	QIQ50099	100.000	23	0	0	12	80	6	28	6.63e-10	50.8
Query_1	QIQ50089	69.444	36	8	1	92	199	298	330	2.28e-10	52.0
Query_1	QIQ50089	64.103	39	14	0	120	236	121	159	3.25e-10	51.6
Query_1	QIQ50089	100.000	23	0	0	12	80	6	28	6.63e-10	50.8
Query_1	QIQ50079	69.444	36	8	1	92	199	298	330	2.28e-10	52.0
Query_1	QIQ50079	64.103	39	14	0	120	236	121	159	3.25e-10	51.6
Query_1	QIQ50079	100.000	23	0	0	12	80	6	28	6.63e-10	50.8
Query_1	QIQ50069	69.444	36	8	1	92	199	298	330	2.28e-10	52.0
Query_1	QIQ50069	64.103	39	14	0	120	236	121	159	3.25e-10	51.6
Query_1	QIQ50069	100.000	23	0	0	12	80	6	28	6.63e-10	50.8
Query_1	QIQ50059	69.444	36	8	1	92	199	298	330	2.28e-10	52.0
Query_1	QIQ50059	64.103	39	14	0	120	236	121	159	3.25e-10	51.6
Query_1	QIQ50059	100.000	23	0	0	12	80	6	28	6.63e-10	50.8
Query_1	QIQ50049	69.444	36	8	1	92	199	298	330	2.28e-10	52.0
Query_1	QIQ50049	64.103	39	14	0	120	236	121	159	3.25e-10	51.6
Query_1	QIQ50049	100.000	23	0	0	12	80	6	28	6.63e-10	50.8
Query_1	QIQ50039	69.444	36	8	1	92	199	298	330	2.28e-10	52.0
Query_1	QIQ50039	64.103	39	14	0	120	236	121	159	3.25e-10	51.6
Query_1	QIQ50039	100.000	23	0	0	12	80	6	28	6.63e-10	50.8
Query_1	QIQ50029	69.444	36	8	1	92	199	298	330	2.28e-10	52.0
Query_1	QIQ50029	64.103	39	14	0	120	236	121	159	3.25e-10	51.6
Query_1	QIQ50029	100.000	23	0	0	12	80	6	28	6.63e-10	50.8
Query_1	QIQ50019	69.444	36	8	1	92	199	298	330	2.28e-10	52.0
Query_1	QIQ50019	64.103	39	14	0	120	236	121	159	3.25e-10	51.6
Query_1	QIQ50019	100.000	23	0	0	12	80	6	28	6.63e-10	50.8
Query_1	QIQ50009	69.444	36	8	1	92	199	298	330	2.28e-10	52.0
Query_1	QIQ50009	64.103	39	14	0	120	236	121	159	3.25e-10	51.6
Query_1	QIQ50009	100.000	23	0	0	12	80	6	28	6.63e-10	50.8
Query_1	QIQ49999	69.444	36	8	1	92	199	298	330	2.28e-10	52.0
Query_1	QIQ49999	64.103	39	14	0	120	236	121	159	3.25e-10	51.6
Query_1	QIQ49999	100.000	23	0	0	12	80	6	28	6.63e-10	50.8
Query_1	QIQ49989	69.444	36	8	1	92	199	298	330	2.28e-10	52.0
Query_1	QIQ49989	64.103	39	14	0	120	236	121	159	3.25e-10	51.6
Query_1	QIQ49989	100.000	23	0	0	12	80	6	28	6.63e-10	50.8
Query_1	QIQ49969	69.444	36	8	1	92	199	298	330	2.28e-10	52.0
Query_1	QIQ49969	64.103	39	14	0	120	236	121	159	3.25e-10	51.6
Query_1	QIQ49969	100.000	23	0	0	12	80	6	28	6.63e-10	50.8
Query_1	QIQ49959	69.444	36	8	1	92	199	298	330	2.28e-10	52.0
Query_1	QIQ49959	64.103	39	14	0	120	236	121	159	3.25e-10	51.6
Query_1	QIQ49959	100.000	23	0	0	12	80	6	28	6.63e-10	50.8
Query_1	QIQ49949	69.444	36	8	1	92	199	298	330	2.28e-10	52.0
Query_1	QIQ49949	64.103	39	14	0	120	236	121	159	3.25e-10	51.6
Query_1	QIQ49949	100.000	23	0	0	12	80	6	28	6.63e-10	50.8
Query_1	QIQ49939	69.444	36	8	1	92	199	298	330	2.28e-10	52.0
Query_1	QIQ49939	64.103	39	14	0	120	236	121	159	3.25e-10	51.6
Query_1	QIQ49939	100.000	23	0	0	12	80	6	28	6.63e-10	50.8
Query_1	QIQ49929	69.444	36	8	1	92	199	298	330	2.28e-10	52.0
Query_1	QIQ49929	64.103	39	14	0	120	236	121	159	3.25e-10	51.6
Query_1	QIQ49929	100.000	23	0	0	12	80	6	28	6.63e-10	50.8
Query_1	QIQ49919	69.444	36	8	1	92	199	298	330	2.28e-10	52.0
Query_1	QIQ49919	64.103	39	14	0	120	236	121	159	3.25e-10	51.6
Query_1	QIQ49919	100.000	23	0	0	12	80	6	28	6.63e-10	50.8
Query_1	QIQ49909	69.444	36	8	1	92	199	298	330	2.28e-10	52.0
Query_1	QIQ49909	64.103	39	14	0	120	236	121	159	3.25e-10	51.6
Query_1	QIQ49909	100.000	23	0	0	12	80	6	28	6.63e-10	50.8
Query_1	QIQ49899	69.444	36	8	1	92	199	298	330	2.28e-10	52.0
Query_1	QIQ49899	64.103	39	14	0	120	236	121	159	3.25e-10	51.6
Query_1	QIQ49899	100.000	23	0	0	12	80	6	28	6.63e-10	50.8
Query_1	QIQ49889	69.444	36	8	1	92	199	298	330	2.28e-10	52.0
Query_1	QIQ49889	64.103	39	14	0	120	236	121	159	3.25e-10	51.6
Query_1	QIQ49889	100.000	23	0	0	12	80	6	28	6.63e-10	50.8
Query_1	QIQ49879	69.444	36	8	1	92	199	298	330	2.28e-10	52.0
Query_1	QIQ49879	64.103	39	14	0	120	236	121	159	3.25e-10	51.6
Query_1	QIQ49879	100.000	23	0	0	12	80	6	28	6.63e-10	50.8
Query_1	QIQ49869	69.444	36	8	1	92	199	298	330	2.28e-10	52.0
Query_1	QIQ49869	64.103	39	14	0	120	236	121	159	3.25e-10	51.6
Query_1	QIQ49869	100.000	23	0	0	12	80	6	28	6.63e-10	50.8
Query_1	QIQ49859	69.444	36	8	1	92	199	298	330	2.28e-10	52.0
Query_1	QIQ49859	64.103	39	14	0	120	236	121	159	3.25e-10	51.6
Query_1	QIQ49859	100.000	23	0	0	12	80	6	28	6.63e-10	50.8
Query_1	QIQ49849	69.444	36	8	1	92	199	298	330	2.28e-10	52.0
Query_1	QIQ49849	64.103	39	14	0	120	236	121	159	3.25e-10	51.6
Query_1	QIQ49849	100.000	23	0	0	12	80	6	28	6.63e-10	50.8
Query_1	QIQ49839	69.444	36	8	1	92	199	298	330	2.28e-10	52.0
Query_1	QIQ49839	64.103	39	14	0	120	236	121	159	3.09e-10	51.6
Query_1	QIQ49839	100.000	23	0	0	12	80	6	28	6.37e-10	50.8
Query_1	QIQ49829	69.444	36	8	1	92	199	298	330	2.28e-10	52.0
Query_1	QIQ49829	64.103	39	14	0	120	236	121	159	3.25e-10	51.6
Query_1	QIQ49829	100.000	23	0	0	12	80	6	28	6.63e-10	50.8
Query_1	QIQ49819	69.444	36	8	1	92	199	298	330	2.28e-10	52.0
Query_1	QIQ49819	64.103	39	14	0	120	236	121	159	3.25e-10	51.6
Query_1	QIQ49819	100.000	23	0	0	12	80	6	28	6.63e-10	50.8
Query_1	QIQ49809	69.444	36	8	1	92	199	298	330	2.28e-10	52.0
Query_1	QIQ49809	64.103	39	14	0	120	236	121	159	3.25e-10	51.6
Query_1	QIQ49809	100.000	23	0	0	12	80	6	28	6.63e-10	50.8
Query_1	QIQ49799	69.444	36	8	1	92	199	298	330	2.28e-10	52.0
Query_1	QIQ49799	64.103	39	14	0	120	236	121	159	3.25e-10	51.6
Query_1	QIQ49799	100.000	23	0	0	12	80	6	28	6.63e-10	50.8
Query_1	QIQ49779	69.444	36	8	1	92	199	298	330	2.28e-10	52.0
Query_1	QIQ49779	64.103	39	14	0	120	236	121	159	3.25e-10	51.6
Query_1	QIQ49779	100.000	23	0	0	12	80	6	28	6.63e-10	50.8
Query_1	QIQ49769	69.444	36	8	1	92	199	298	330	2.28e-10	52.0
Query_1	QIQ49769	64.103	39	14	0	120	236	121	159	3.25e-10	51.6
Query_1	QIQ49769	100.000	23	0	0	12	80	6	28	6.63e-10	50.8
Query_1	QIQ50189	69.444	36	8	1	92	199	298	330	2.28e-10	52.0
Query_1	QIQ50189	64.103	39	14	0	120	236	121	159	3.25e-10	51.6
Query_1	QIQ50189	100.000	23	0	0	12	80	6	28	6.63e-10	50.8
Query_1	YP_009724397	69.444	36	8	1	92	199	298	330	2.28e-10	52.0
Query_1	YP_009724397	64.103	39	14	0	120	236	121	159	3.25e-10	51.6
Query_1	YP_009724397	100.000	23	0	0	12	80	6	28	6.63e-10	50.8
Query_1	QIH45050	69.444	36	8	1	92	199	298	330	2.30e-10	52.0
Query_1	QIH45050	64.103	39	14	0	120	236	121	159	3.21e-10	51.6
Query_1	QIH45050	100.000	23	0	0	12	80	6	28	6.56e-10	50.8
Query_1	QIQ08827	69.444	36	8	1	92	199	298	330	2.33e-10	52.0
Query_1	QIQ08827	64.103	39	14	0	120	236	121	159	3.28e-10	51.6
Query_1	QIQ08827	100.000	23	0	0	12	80	6	28	6.31e-10	50.8
Query_1	QIQ50109	69.444	36	8	1	92	199	298	330	2.33e-10	52.0
Query_1	QIQ50109	64.103	39	14	0	120	236	121	159	3.15e-10	51.6
Query_1	QIQ50109	100.000	23	0	0	12	80	6	28	6.56e-10	50.8
Query_1	QIQ49979	69.444	36	8	1	92	199	298	330	2.33e-10	52.0
Query_1	QIQ49979	64.103	39	14	0	120	236	121	159	3.28e-10	51.6
Query_1	QIQ49979	100.000	23	0	0	12	80	6	28	6.31e-10	50.8
Query_1	QIQ49789	69.444	36	8	1	92	199	298	330	2.33e-10	52.0
Query_1	QIQ49789	64.103	39	14	0	120	236	121	159	3.28e-10	51.6
Query_1	QIQ49789	100.000	23	0	0	12	80	6	28	6.31e-10	50.8
Query_1	QIM47474	69.444	36	8	1	92	199	298	330	2.40e-10	52.0
Query_1	QIM47474	64.103	39	14	0	120	236	121	159	2.93e-10	51.6
Query_1	QIM47474	100.000	23	0	0	12	80	6	28	7.06e-10	50.4
Query_1	QIK02783	100.000	23	0	0	12	80	1	23	2.92e-10	50.1
Query_1	QIK02790	60.000	35	14	0	120	224	86	120	5.90e-08	43.9
Query_1	QIK02788	60.000	35	14	0	120	224	86	120	5.90e-08	43.9
Query_1	QIK02789	60.000	35	14	0	120	224	86	120	5.90e-08	43.9
Query_1	QIK02784	60.000	35	14	0	120	224	86	120	5.90e-08	43.9
Query_1	QIK02787	60.000	35	14	0	120	224	86	120	5.90e-08	43.9
Query_1	QIK02786	60.000	35	14	0	120	224	86	120	5.90e-08	43.9
Query_1	QIK02785	60.000	35	14	0	120	224	86	120	5.90e-08	43.9
Query_1	QII87775	100.000	12	0	0	92	127	122	133	0.001	32.7
Query_1	QIK50415	100.000	11	0	0	204	236	1	11	0.36	25.8
Query_1	QII87776	100.000	7	0	0	92	112	82	88	4.0	22.7
